2016-06-08 17:01:01,833 INFO  LFCommFrameTestFixture (LFCommFrameTestFixture.cpp:74) - Log4cxx configured successfully with configuration file "/home/lfuser/work/lfcommframe_test/ParulTestConfig.xml". 
2016-06-08 17:01:01,833 INFO  LFCommFrameTestFixture (LFCommFrameTestFixture.cpp:90) - ============================================================
2016-06-08 17:01:01,833 INFO  LFCommFrameTestFixture (LFCommFrameTestFixture.cpp:91) - Starting LFCommFrameTestFixture - built: Jun  8 2016, 17:00:55
2016-06-08 17:01:01,833 INFO  LFCommFrameTestFixture (LFCommFrameTestFixture.cpp:92) - ============================================================
2016-06-08 17:01:01,833 INFO  LFCommFrameTestFixture (LFCommFrameTestFixture.cpp:74) - Log4cxx configured successfully with configuration file "/home/lfuser/work/lfcommframe_test/ParulTestConfig.xml". 
2016-06-08 17:01:01,834 INFO  LFCommFrameTestFixture (LFCommFrameTestFixture.cpp:90) - ============================================================
2016-06-08 17:01:01,834 INFO  LFCommFrameTestFixture (LFCommFrameTestFixture.cpp:91) - Starting LFCommFrameTestFixture - built: Jun  8 2016, 17:00:55
2016-06-08 17:01:01,834 INFO  LFCommFrameTestFixture (LFCommFrameTestFixture.cpp:92) - ============================================================
2016-06-08 17:02:36,779 INFO  LFCommFrameTestFixture (LFCommFrameTestFixture.cpp:74) - Log4cxx configured successfully with configuration file "/home/lfuser/work/lfcommframe_test/ParulTestConfig.xml". 
2016-06-08 17:02:36,780 INFO  LFCommFrameTestFixture (LFCommFrameTestFixture.cpp:90) - ============================================================
2016-06-08 17:02:36,780 INFO  LFCommFrameTestFixture (LFCommFrameTestFixture.cpp:91) - Starting LFCommFrameTestFixture - built: Jun  8 2016, 17:02:30
2016-06-08 17:02:36,780 INFO  LFCommFrameTestFixture (LFCommFrameTestFixture.cpp:92) - ============================================================
2016-06-08 17:02:36,781 INFO  LFCommFrameTestFixture (LFCommFrameTestFixture.cpp:74) - Log4cxx configured successfully with configuration file "/home/lfuser/work/lfcommframe_test/ParulTestConfig.xml". 
2016-06-08 17:02:36,781 INFO  LFCommFrameTestFixture (LFCommFrameTestFixture.cpp:90) - ============================================================
2016-06-08 17:02:36,781 INFO  LFCommFrameTestFixture (LFCommFrameTestFixture.cpp:91) - Starting LFCommFrameTestFixture - built: Jun  8 2016, 17:02:30
2016-06-08 17:02:36,781 INFO  LFCommFrameTestFixture (LFCommFrameTestFixture.cpp:92) - ============================================================
2016-06-08 17:07:35,549 INFO  LFCommFrameTestFixture (LFCommFrameTestFixture.cpp:74) - Log4cxx configured successfully with configuration file "/home/lfuser/work/lfcommframe_test/ParulTestConfig.xml". 
2016-06-08 17:07:35,549 INFO  LFCommFrameTestFixture (LFCommFrameTestFixture.cpp:90) - ============================================================
2016-06-08 17:07:35,549 INFO  LFCommFrameTestFixture (LFCommFrameTestFixture.cpp:91) - Starting LFCommFrameTestFixture - built: Jun  8 2016, 17:07:30
2016-06-08 17:07:35,549 INFO  LFCommFrameTestFixture (LFCommFrameTestFixture.cpp:92) - ============================================================
2016-06-08 17:07:35,550 INFO  LFCommFrameTestFixture (LFCommFrameTestFixture.cpp:74) - Log4cxx configured successfully with configuration file "/home/lfuser/work/lfcommframe_test/ParulTestConfig.xml". 
2016-06-08 17:07:35,550 INFO  LFCommFrameTestFixture (LFCommFrameTestFixture.cpp:90) - ============================================================
2016-06-08 17:07:35,550 INFO  LFCommFrameTestFixture (LFCommFrameTestFixture.cpp:91) - Starting LFCommFrameTestFixture - built: Jun  8 2016, 17:07:30
2016-06-08 17:07:35,550 INFO  LFCommFrameTestFixture (LFCommFrameTestFixture.cpp:92) - ============================================================
2016-06-08 17:16:41,729 INFO  LFCommFrameTestFixture (LFCommFrameTestFixture.cpp:74) - Log4cxx configured successfully with configuration file "/home/lfuser/work/lfcommframe_test/ParulTestConfig.xml". 
2016-06-08 17:16:41,729 INFO  LFCommFrameTestFixture (LFCommFrameTestFixture.cpp:90) - ============================================================
2016-06-08 17:16:41,729 INFO  LFCommFrameTestFixture (LFCommFrameTestFixture.cpp:91) - Starting LFCommFrameTestFixture - built: Jun  8 2016, 17:16:35
2016-06-08 17:16:41,729 INFO  LFCommFrameTestFixture (LFCommFrameTestFixture.cpp:92) - ============================================================
2016-06-08 17:16:41,730 INFO  LFCommFrameTestFixture (LFCommFrameTestFixture.cpp:74) - Log4cxx configured successfully with configuration file "/home/lfuser/work/lfcommframe_test/ParulTestConfig.xml". 
2016-06-08 17:16:41,730 INFO  LFCommFrameTestFixture (LFCommFrameTestFixture.cpp:90) - ============================================================
2016-06-08 17:16:41,730 INFO  LFCommFrameTestFixture (LFCommFrameTestFixture.cpp:91) - Starting LFCommFrameTestFixture - built: Jun  8 2016, 17:16:35
2016-06-08 17:16:41,730 INFO  LFCommFrameTestFixture (LFCommFrameTestFixture.cpp:92) - ============================================================
2016-06-08 17:22:41,325 INFO  LFCommFrameTestFixture (LFCommFrameTestFixture.cpp:74) - Log4cxx configured successfully with configuration file "/home/lfuser/work/lfcommframe_test/ParulTestConfig.xml". 
2016-06-08 17:22:41,325 INFO  LFCommFrameTestFixture (LFCommFrameTestFixture.cpp:90) - ============================================================
2016-06-08 17:22:41,325 INFO  LFCommFrameTestFixture (LFCommFrameTestFixture.cpp:91) - Starting LFCommFrameTestFixture - built: Jun  8 2016, 17:22:37
2016-06-08 17:22:41,325 INFO  LFCommFrameTestFixture (LFCommFrameTestFixture.cpp:92) - ============================================================
2016-06-08 17:22:41,327 INFO  LFCommFrameTestFixture (LFCommFrameTestFixture.cpp:74) - Log4cxx configured successfully with configuration file "/home/lfuser/work/lfcommframe_test/ParulTestConfig.xml". 
2016-06-08 17:22:41,328 INFO  LFCommFrameTestFixture (LFCommFrameTestFixture.cpp:90) - ============================================================
2016-06-08 17:22:41,328 INFO  LFCommFrameTestFixture (LFCommFrameTestFixture.cpp:91) - Starting LFCommFrameTestFixture - built: Jun  8 2016, 17:22:37
2016-06-08 17:22:41,328 INFO  LFCommFrameTestFixture (LFCommFrameTestFixture.cpp:92) - ============================================================
2016-06-08 17:26:15,267 INFO  LFCommFrameTestFixture (LFCommFrameTestFixture.cpp:74) - Log4cxx configured successfully with configuration file "/home/lfuser/work/lfcommframe_test/ParulTestConfig.xml". 
2016-06-08 17:26:15,268 INFO  LFCommFrameTestFixture (LFCommFrameTestFixture.cpp:90) - ============================================================
2016-06-08 17:26:15,268 INFO  LFCommFrameTestFixture (LFCommFrameTestFixture.cpp:91) - Starting LFCommFrameTestFixture - built: Jun  8 2016, 17:26:08
2016-06-08 17:26:15,268 INFO  LFCommFrameTestFixture (LFCommFrameTestFixture.cpp:92) - ============================================================
2016-06-08 17:26:15,269 INFO  LFCommFrameTestFixture (LFCommFrameTestFixture.cpp:74) - Log4cxx configured successfully with configuration file "/home/lfuser/work/lfcommframe_test/ParulTestConfig.xml". 
2016-06-08 17:26:15,269 INFO  LFCommFrameTestFixture (LFCommFrameTestFixture.cpp:90) - ============================================================
2016-06-08 17:26:15,269 INFO  LFCommFrameTestFixture (LFCommFrameTestFixture.cpp:91) - Starting LFCommFrameTestFixture - built: Jun  8 2016, 17:26:08
2016-06-08 17:26:15,269 INFO  LFCommFrameTestFixture (LFCommFrameTestFixture.cpp:92) - ============================================================
2016-06-08 17:30:16,312 INFO  LFCommFrameTestFixture (LFCommFrameTestFixture.cpp:74) - Log4cxx configured successfully with configuration file "/home/lfuser/work/lfcommframe_test/ParulTestConfig.xml". 
2016-06-08 17:30:16,312 INFO  LFCommFrameTestFixture (LFCommFrameTestFixture.cpp:90) - ============================================================
2016-06-08 17:30:16,312 INFO  LFCommFrameTestFixture (LFCommFrameTestFixture.cpp:91) - Starting LFCommFrameTestFixture - built: Jun  8 2016, 17:30:09
2016-06-08 17:30:16,312 INFO  LFCommFrameTestFixture (LFCommFrameTestFixture.cpp:92) - ============================================================
2016-06-08 17:30:16,313 INFO  LFCommFrameTestFixture (LFCommFrameTestFixture.cpp:74) - Log4cxx configured successfully with configuration file "/home/lfuser/work/lfcommframe_test/ParulTestConfig.xml". 
2016-06-08 17:30:16,313 INFO  LFCommFrameTestFixture (LFCommFrameTestFixture.cpp:90) - ============================================================
2016-06-08 17:30:16,313 INFO  LFCommFrameTestFixture (LFCommFrameTestFixture.cpp:91) - Starting LFCommFrameTestFixture - built: Jun  8 2016, 17:30:09
2016-06-08 17:30:16,313 INFO  LFCommFrameTestFixture (LFCommFrameTestFixture.cpp:92) - ============================================================
2016-06-08 17:31:44,782 INFO  LFCommFrameTestFixture (LFCommFrameTestFixture.cpp:74) - Log4cxx configured successfully with configuration file "/home/lfuser/work/lfcommframe_test/ParulTestConfig.xml". 
2016-06-08 17:31:44,782 INFO  LFCommFrameTestFixture (LFCommFrameTestFixture.cpp:90) - ============================================================
2016-06-08 17:31:44,782 INFO  LFCommFrameTestFixture (LFCommFrameTestFixture.cpp:91) - Starting LFCommFrameTestFixture - built: Jun  8 2016, 17:31:40
2016-06-08 17:31:44,782 INFO  LFCommFrameTestFixture (LFCommFrameTestFixture.cpp:92) - ============================================================
2016-06-08 17:31:44,783 INFO  LFCommFrameTestFixture (LFCommFrameTestFixture.cpp:74) - Log4cxx configured successfully with configuration file "/home/lfuser/work/lfcommframe_test/ParulTestConfig.xml". 
2016-06-08 17:31:44,783 INFO  LFCommFrameTestFixture (LFCommFrameTestFixture.cpp:90) - ============================================================
2016-06-08 17:31:44,783 INFO  LFCommFrameTestFixture (LFCommFrameTestFixture.cpp:91) - Starting LFCommFrameTestFixture - built: Jun  8 2016, 17:31:40
2016-06-08 17:31:44,784 INFO  LFCommFrameTestFixture (LFCommFrameTestFixture.cpp:92) - ============================================================
2016-06-08 17:32:23,654 INFO  LFCommFrameTestFixture (LFCommFrameTestFixture.cpp:74) - Log4cxx configured successfully with configuration file "/home/lfuser/work/lfcommframe_test/ParulTestConfig.xml". 
2016-06-08 17:32:23,654 INFO  LFCommFrameTestFixture (LFCommFrameTestFixture.cpp:90) - ============================================================
2016-06-08 17:32:23,654 INFO  LFCommFrameTestFixture (LFCommFrameTestFixture.cpp:91) - Starting LFCommFrameTestFixture - built: Jun  8 2016, 17:32:19
2016-06-08 17:32:23,654 INFO  LFCommFrameTestFixture (LFCommFrameTestFixture.cpp:92) - ============================================================
2016-06-08 17:32:23,655 INFO  LFCommFrameTestFixture (LFCommFrameTestFixture.cpp:74) - Log4cxx configured successfully with configuration file "/home/lfuser/work/lfcommframe_test/ParulTestConfig.xml". 
2016-06-08 17:32:23,655 INFO  LFCommFrameTestFixture (LFCommFrameTestFixture.cpp:90) - ============================================================
2016-06-08 17:32:23,655 INFO  LFCommFrameTestFixture (LFCommFrameTestFixture.cpp:91) - Starting LFCommFrameTestFixture - built: Jun  8 2016, 17:32:19
2016-06-08 17:32:23,655 INFO  LFCommFrameTestFixture (LFCommFrameTestFixture.cpp:92) - ============================================================
2016-06-08 17:34:42,844 INFO  LFCommFrameTestFixture (LFCommFrameTestFixture.cpp:74) - Log4cxx configured successfully with configuration file "/home/lfuser/work/lfcommframe_test/ParulTestConfig.xml". 
2016-06-08 17:34:42,844 INFO  LFCommFrameTestFixture (LFCommFrameTestFixture.cpp:90) - ============================================================
2016-06-08 17:34:42,844 INFO  LFCommFrameTestFixture (LFCommFrameTestFixture.cpp:91) - Starting LFCommFrameTestFixture - built: Jun  8 2016, 17:34:36
2016-06-08 17:34:42,844 INFO  LFCommFrameTestFixture (LFCommFrameTestFixture.cpp:92) - ============================================================
2016-06-08 17:34:42,845 INFO  LFCommFrameTestFixture (LFCommFrameTestFixture.cpp:74) - Log4cxx configured successfully with configuration file "/home/lfuser/work/lfcommframe_test/ParulTestConfig.xml". 
2016-06-08 17:34:42,845 INFO  LFCommFrameTestFixture (LFCommFrameTestFixture.cpp:90) - ============================================================
2016-06-08 17:34:42,845 INFO  LFCommFrameTestFixture (LFCommFrameTestFixture.cpp:91) - Starting LFCommFrameTestFixture - built: Jun  8 2016, 17:34:36
2016-06-08 17:34:42,845 INFO  LFCommFrameTestFixture (LFCommFrameTestFixture.cpp:92) - ============================================================
2016-06-08 17:35:21,715 INFO  LFCommFrameTestFixture (LFCommFrameTestFixture.cpp:74) - Log4cxx configured successfully with configuration file "/home/lfuser/work/lfcommframe_test/ParulTestConfig.xml". 
2016-06-08 17:35:21,715 INFO  LFCommFrameTestFixture (LFCommFrameTestFixture.cpp:90) - ============================================================
2016-06-08 17:35:21,715 INFO  LFCommFrameTestFixture (LFCommFrameTestFixture.cpp:91) - Starting LFCommFrameTestFixture - built: Jun  8 2016, 17:35:17
2016-06-08 17:35:21,715 INFO  LFCommFrameTestFixture (LFCommFrameTestFixture.cpp:92) - ============================================================
2016-06-08 17:35:21,716 INFO  LFCommFrameTestFixture (LFCommFrameTestFixture.cpp:74) - Log4cxx configured successfully with configuration file "/home/lfuser/work/lfcommframe_test/ParulTestConfig.xml". 
2016-06-08 17:35:21,716 INFO  LFCommFrameTestFixture (LFCommFrameTestFixture.cpp:90) - ============================================================
2016-06-08 17:35:21,716 INFO  LFCommFrameTestFixture (LFCommFrameTestFixture.cpp:91) - Starting LFCommFrameTestFixture - built: Jun  8 2016, 17:35:17
2016-06-08 17:35:21,716 INFO  LFCommFrameTestFixture (LFCommFrameTestFixture.cpp:92) - ============================================================
2016-06-09 08:08:04,326 INFO  LFCommFrameTestFixture (LFCommFrameTestFixture.cpp:74) - Log4cxx configured successfully with configuration file "/home/lfuser/work/lfcommframe_test/ParulTestConfig.xml". 
2016-06-09 08:08:04,326 INFO  LFCommFrameTestFixture (LFCommFrameTestFixture.cpp:90) - ============================================================
2016-06-09 08:08:04,326 INFO  LFCommFrameTestFixture (LFCommFrameTestFixture.cpp:91) - Starting LFCommFrameTestFixture - built: Jun  9 2016, 08:07:58
2016-06-09 08:08:04,326 INFO  LFCommFrameTestFixture (LFCommFrameTestFixture.cpp:92) - ============================================================
2016-06-09 08:10:20,435 INFO  LFCommFrameTestFixture (LFCommFrameTestFixture.cpp:74) - Log4cxx configured successfully with configuration file "/home/lfuser/work/lfcommframe_test/ParulTestConfig.xml". 
2016-06-09 08:10:20,435 INFO  LFCommFrameTestFixture (LFCommFrameTestFixture.cpp:90) - ============================================================
2016-06-09 08:10:20,435 INFO  LFCommFrameTestFixture (LFCommFrameTestFixture.cpp:91) - Starting LFCommFrameTestFixture - built: Jun  9 2016, 08:10:14
2016-06-09 08:10:20,435 INFO  LFCommFrameTestFixture (LFCommFrameTestFixture.cpp:92) - ============================================================
2016-06-09 08:11:23,826 INFO  LFCommFrameTestFixture (LFCommFrameTestFixture.cpp:74) - Log4cxx configured successfully with configuration file "/home/lfuser/work/lfcommframe_test/ParulTestConfig.xml". 
2016-06-09 08:11:23,826 INFO  LFCommFrameTestFixture (LFCommFrameTestFixture.cpp:90) - ============================================================
2016-06-09 08:11:23,826 INFO  LFCommFrameTestFixture (LFCommFrameTestFixture.cpp:91) - Starting LFCommFrameTestFixture - built: Jun  9 2016, 08:11:19
2016-06-09 08:11:23,826 INFO  LFCommFrameTestFixture (LFCommFrameTestFixture.cpp:92) - ============================================================
2016-06-09 08:12:17,681 INFO  LFCommFrameTestFixture (LFCommFrameTestFixture.cpp:74) - Log4cxx configured successfully with configuration file "/home/lfuser/work/lfcommframe_test/ParulTestConfig.xml". 
2016-06-09 08:12:17,681 INFO  LFCommFrameTestFixture (LFCommFrameTestFixture.cpp:90) - ============================================================
2016-06-09 08:12:17,681 INFO  LFCommFrameTestFixture (LFCommFrameTestFixture.cpp:91) - Starting LFCommFrameTestFixture - built: Jun  9 2016, 08:12:13
2016-06-09 08:12:17,682 INFO  LFCommFrameTestFixture (LFCommFrameTestFixture.cpp:92) - ============================================================
2016-06-09 08:13:12,049 INFO  LFCommFrameTestFixture (LFCommFrameTestFixture.cpp:74) - Log4cxx configured successfully with configuration file "/home/lfuser/work/lfcommframe_test/ParulTestConfig.xml". 
2016-06-09 08:13:12,049 INFO  LFCommFrameTestFixture (LFCommFrameTestFixture.cpp:90) - ============================================================
2016-06-09 08:13:12,049 INFO  LFCommFrameTestFixture (LFCommFrameTestFixture.cpp:91) - Starting LFCommFrameTestFixture - built: Jun  9 2016, 08:13:07
2016-06-09 08:13:12,049 INFO  LFCommFrameTestFixture (LFCommFrameTestFixture.cpp:92) - ============================================================
2016-06-09 08:17:10,056 INFO  LFCommFrameTestFixture (LFCommFrameTestFixture.cpp:74) - Log4cxx configured successfully with configuration file "/home/lfuser/work/lfcommframe_test/ParulTestConfig.xml". 
2016-06-09 08:17:10,056 INFO  LFCommFrameTestFixture (LFCommFrameTestFixture.cpp:90) - ============================================================
2016-06-09 08:17:10,056 INFO  LFCommFrameTestFixture (LFCommFrameTestFixture.cpp:91) - Starting LFCommFrameTestFixture - built: Jun  9 2016, 08:17:05
2016-06-09 08:17:10,056 INFO  LFCommFrameTestFixture (LFCommFrameTestFixture.cpp:92) - ============================================================
2016-06-09 08:17:45,773 INFO  LFCommFrameTestFixture (LFCommFrameTestFixture.cpp:74) - Log4cxx configured successfully with configuration file "/home/lfuser/work/lfcommframe_test/ParulTestConfig.xml". 
2016-06-09 08:17:45,773 INFO  LFCommFrameTestFixture (LFCommFrameTestFixture.cpp:90) - ============================================================
2016-06-09 08:17:45,773 INFO  LFCommFrameTestFixture (LFCommFrameTestFixture.cpp:91) - Starting LFCommFrameTestFixture - built: Jun  9 2016, 08:17:41
2016-06-09 08:17:45,773 INFO  LFCommFrameTestFixture (LFCommFrameTestFixture.cpp:92) - ============================================================
2016-06-09 08:18:09,334 INFO  LFCommFrameTestFixture (LFCommFrameTestFixture.cpp:74) - Log4cxx configured successfully with configuration file "/home/lfuser/work/lfcommframe_test/ParulTestConfig.xml". 
2016-06-09 08:18:09,334 INFO  LFCommFrameTestFixture (LFCommFrameTestFixture.cpp:90) - ============================================================
2016-06-09 08:18:09,334 INFO  LFCommFrameTestFixture (LFCommFrameTestFixture.cpp:91) - Starting LFCommFrameTestFixture - built: Jun  9 2016, 08:18:03
2016-06-09 08:18:09,334 INFO  LFCommFrameTestFixture (LFCommFrameTestFixture.cpp:92) - ============================================================
2016-06-09 09:29:25,328 INFO  LFCommFrameTestFixture (LFCommFrameTestFixture.cpp:74) - Log4cxx configured successfully with configuration file "/home/lfuser/work/lfcommframe_test/ParulTestConfig.xml". 
2016-06-09 09:29:25,328 INFO  LFCommFrameTestFixture (LFCommFrameTestFixture.cpp:90) - ============================================================
2016-06-09 09:29:25,328 INFO  LFCommFrameTestFixture (LFCommFrameTestFixture.cpp:91) - Starting LFCommFrameTestFixture - built: Jun  9 2016, 09:28:52
2016-06-09 09:29:25,328 INFO  LFCommFrameTestFixture (LFCommFrameTestFixture.cpp:92) - ============================================================
2016-06-09 09:31:54,788 INFO  LFCommFrameTestFixture (LFCommFrameTestFixture.cpp:74) - Log4cxx configured successfully with configuration file "/home/lfuser/work/lfcommframe_test/ParulTestConfig.xml". 
2016-06-09 09:31:54,789 INFO  LFCommFrameTestFixture (LFCommFrameTestFixture.cpp:90) - ============================================================
2016-06-09 09:31:54,789 INFO  LFCommFrameTestFixture (LFCommFrameTestFixture.cpp:91) - Starting LFCommFrameTestFixture - built: Jun  9 2016, 09:31:49
2016-06-09 09:31:54,789 INFO  LFCommFrameTestFixture (LFCommFrameTestFixture.cpp:92) - ============================================================
2016-06-09 09:35:41,979 INFO  LFCommFrameTestFixture (LFCommFrameTestFixture.cpp:74) - Log4cxx configured successfully with configuration file "/home/lfuser/work/lfcommframe_test/ParulTestConfig.xml". 
2016-06-09 09:35:41,979 INFO  LFCommFrameTestFixture (LFCommFrameTestFixture.cpp:90) - ============================================================
2016-06-09 09:35:41,979 INFO  LFCommFrameTestFixture (LFCommFrameTestFixture.cpp:91) - Starting LFCommFrameTestFixture - built: Jun  9 2016, 09:35:35
2016-06-09 09:35:41,979 INFO  LFCommFrameTestFixture (LFCommFrameTestFixture.cpp:92) - ============================================================
2016-06-09 09:36:33,154 INFO  LFCommFrameTestFixture (LFCommFrameTestFixture.cpp:74) - Log4cxx configured successfully with configuration file "/home/lfuser/work/lfcommframe_test/ParulTestConfig.xml". 
2016-06-09 09:36:33,154 INFO  LFCommFrameTestFixture (LFCommFrameTestFixture.cpp:90) - ============================================================
2016-06-09 09:36:33,154 INFO  LFCommFrameTestFixture (LFCommFrameTestFixture.cpp:91) - Starting LFCommFrameTestFixture - built: Jun  9 2016, 09:36:29
2016-06-09 09:36:33,154 INFO  LFCommFrameTestFixture (LFCommFrameTestFixture.cpp:92) - ============================================================
2016-06-09 09:41:09,406 INFO  LFCommFrameTestFixture (LFCommFrameTestFixture.cpp:74) - Log4cxx configured successfully with configuration file "/home/lfuser/work/lfcommframe_test/ParulTestConfig.xml". 
2016-06-09 09:41:09,407 INFO  LFCommFrameTestFixture (LFCommFrameTestFixture.cpp:90) - ============================================================
2016-06-09 09:41:09,407 INFO  LFCommFrameTestFixture (LFCommFrameTestFixture.cpp:91) - Starting LFCommFrameTestFixture - built: Jun  9 2016, 09:41:04
2016-06-09 09:41:09,407 INFO  LFCommFrameTestFixture (LFCommFrameTestFixture.cpp:92) - ============================================================
2016-06-09 09:42:06,206 INFO  LFCommFrameTestFixture (LFCommFrameTestFixture.cpp:74) - Log4cxx configured successfully with configuration file "/home/lfuser/work/lfcommframe_test/ParulTestConfig.xml". 
2016-06-09 09:42:06,206 INFO  LFCommFrameTestFixture (LFCommFrameTestFixture.cpp:90) - ============================================================
2016-06-09 09:42:06,206 INFO  LFCommFrameTestFixture (LFCommFrameTestFixture.cpp:91) - Starting LFCommFrameTestFixture - built: Jun  9 2016, 09:42:01
2016-06-09 09:42:06,206 INFO  LFCommFrameTestFixture (LFCommFrameTestFixture.cpp:92) - ============================================================
2016-06-09 09:43:55,347 INFO  LFCommFrameTestFixture (LFCommFrameTestFixture.cpp:74) - Log4cxx configured successfully with configuration file "/home/lfuser/work/lfcommframe_test/ParulTestConfig.xml". 
2016-06-09 09:43:55,348 INFO  LFCommFrameTestFixture (LFCommFrameTestFixture.cpp:90) - ============================================================
2016-06-09 09:43:55,348 INFO  LFCommFrameTestFixture (LFCommFrameTestFixture.cpp:91) - Starting LFCommFrameTestFixture - built: Jun  9 2016, 09:43:49
2016-06-09 09:43:55,348 INFO  LFCommFrameTestFixture (LFCommFrameTestFixture.cpp:92) - ============================================================
2016-06-09 09:43:55,348 INFO  LFCommFrameTestFixture (LFCommFrameTestFixture.cpp:74) - Log4cxx configured successfully with configuration file "/home/lfuser/work/lfcommframe_test/ParulTestConfig.xml". 
2016-06-09 09:43:55,348 INFO  LFCommFrameTestFixture (LFCommFrameTestFixture.cpp:90) - ============================================================
2016-06-09 09:43:55,348 INFO  LFCommFrameTestFixture (LFCommFrameTestFixture.cpp:91) - Starting LFCommFrameTestFixture - built: Jun  9 2016, 09:43:49
2016-06-09 09:43:55,348 INFO  LFCommFrameTestFixture (LFCommFrameTestFixture.cpp:92) - ============================================================
2016-06-13 15:49:33,699 INFO  LFCommFrameTestFixture (LFCommFrameTestFixture.cpp:75) - Log4cxx configured successfully with configuration file "/home/lfuser/work/lfcommframe_test/ParulTestConfig.xml". 
2016-06-13 15:49:33,699 INFO  LFCommFrameTestFixture (LFCommFrameTestFixture.cpp:91) - ============================================================
2016-06-13 15:49:33,699 INFO  LFCommFrameTestFixture (LFCommFrameTestFixture.cpp:92) - Starting LFCommFrameTestFixture - built: Jun 13 2016, 15:35:27
2016-06-13 15:49:33,699 INFO  LFCommFrameTestFixture (LFCommFrameTestFixture.cpp:93) - ============================================================
2016-06-13 15:49:33,700 INFO  LFCommFrameTestFixture (LFCommFrameTestFixture.cpp:75) - Log4cxx configured successfully with configuration file "/home/lfuser/work/lfcommframe_test/ParulTestConfig.xml". 
2016-06-13 15:49:33,701 INFO  LFCommFrameTestFixture (LFCommFrameTestFixture.cpp:91) - ============================================================
2016-06-13 15:49:33,701 INFO  LFCommFrameTestFixture (LFCommFrameTestFixture.cpp:92) - Starting LFCommFrameTestFixture - built: Jun 13 2016, 15:35:27
2016-06-13 15:49:33,701 INFO  LFCommFrameTestFixture (LFCommFrameTestFixture.cpp:93) - ============================================================
2016-06-13 15:49:33,701 INFO  LFCommFrameTestFixture (LFCommFrameTestFixture.cpp:75) - Log4cxx configured successfully with configuration file "/home/lfuser/work/lfcommframe_test/ParulTestConfig.xml". 
2016-06-13 15:49:33,701 INFO  LFCommFrameTestFixture (LFCommFrameTestFixture.cpp:91) - ============================================================
2016-06-13 15:49:33,701 INFO  LFCommFrameTestFixture (LFCommFrameTestFixture.cpp:92) - Starting LFCommFrameTestFixture - built: Jun 13 2016, 15:35:27
2016-06-13 15:49:33,701 INFO  LFCommFrameTestFixture (LFCommFrameTestFixture.cpp:93) - ============================================================
2016-06-14 15:16:24,355 INFO  LFCommFrameTestFixture (LFCommFrameTestFixture.cpp:75) - Log4cxx configured successfully with configuration file "/home/lfuser/work/lfcommframe_test/ParulTestConfig.xml". 
2016-06-14 15:16:24,355 INFO  LFCommFrameTestFixture (LFCommFrameTestFixture.cpp:91) - ============================================================
2016-06-14 15:16:24,355 INFO  LFCommFrameTestFixture (LFCommFrameTestFixture.cpp:92) - Starting LFCommFrameTestFixture - built: Jun 14 2016, 15:16:07
2016-06-14 15:16:24,355 INFO  LFCommFrameTestFixture (LFCommFrameTestFixture.cpp:93) - ============================================================
2016-06-14 15:16:24,356 INFO  LFCommFrameTestFixture (LFCommFrameTestFixture.cpp:75) - Log4cxx configured successfully with configuration file "/home/lfuser/work/lfcommframe_test/ParulTestConfig.xml". 
2016-06-14 15:16:24,356 INFO  LFCommFrameTestFixture (LFCommFrameTestFixture.cpp:91) - ============================================================
2016-06-14 15:16:24,356 INFO  LFCommFrameTestFixture (LFCommFrameTestFixture.cpp:92) - Starting LFCommFrameTestFixture - built: Jun 14 2016, 15:16:07
2016-06-14 15:16:24,356 INFO  LFCommFrameTestFixture (LFCommFrameTestFixture.cpp:93) - ============================================================
2016-06-14 15:16:24,356 INFO  LFCommFrameTestFixture (LFCommFrameTestFixture.cpp:75) - Log4cxx configured successfully with configuration file "/home/lfuser/work/lfcommframe_test/ParulTestConfig.xml". 
2016-06-14 15:16:24,356 INFO  LFCommFrameTestFixture (LFCommFrameTestFixture.cpp:91) - ============================================================
2016-06-14 15:16:24,356 INFO  LFCommFrameTestFixture (LFCommFrameTestFixture.cpp:92) - Starting LFCommFrameTestFixture - built: Jun 14 2016, 15:16:07
2016-06-14 15:16:24,356 INFO  LFCommFrameTestFixture (LFCommFrameTestFixture.cpp:93) - ============================================================
2016-06-14 15:18:37,109 INFO  LFCommFrameTestFixture (LFCommFrameTestFixture.cpp:75) - Log4cxx configured successfully with configuration file "/home/lfuser/work/lfcommframe_test/ParulTestConfig.xml". 
2016-06-14 15:18:37,109 INFO  LFCommFrameTestFixture (LFCommFrameTestFixture.cpp:91) - ============================================================
2016-06-14 15:18:37,109 INFO  LFCommFrameTestFixture (LFCommFrameTestFixture.cpp:92) - Starting LFCommFrameTestFixture - built: Jun 14 2016, 15:18:32
2016-06-14 15:18:37,109 INFO  LFCommFrameTestFixture (LFCommFrameTestFixture.cpp:93) - ============================================================
2016-06-14 15:18:37,110 INFO  LFCommFrameTestFixture (LFCommFrameTestFixture.cpp:75) - Log4cxx configured successfully with configuration file "/home/lfuser/work/lfcommframe_test/ParulTestConfig.xml". 
2016-06-14 15:18:37,110 INFO  LFCommFrameTestFixture (LFCommFrameTestFixture.cpp:91) - ============================================================
2016-06-14 15:18:37,111 INFO  LFCommFrameTestFixture (LFCommFrameTestFixture.cpp:92) - Starting LFCommFrameTestFixture - built: Jun 14 2016, 15:18:32
2016-06-14 15:18:37,111 INFO  LFCommFrameTestFixture (LFCommFrameTestFixture.cpp:93) - ============================================================
2016-06-14 15:18:37,111 INFO  LFCommFrameTestFixture (LFCommFrameTestFixture.cpp:75) - Log4cxx configured successfully with configuration file "/home/lfuser/work/lfcommframe_test/ParulTestConfig.xml". 
2016-06-14 15:18:37,111 INFO  LFCommFrameTestFixture (LFCommFrameTestFixture.cpp:91) - ============================================================
2016-06-14 15:18:37,111 INFO  LFCommFrameTestFixture (LFCommFrameTestFixture.cpp:92) - Starting LFCommFrameTestFixture - built: Jun 14 2016, 15:18:32
2016-06-14 15:18:37,111 INFO  LFCommFrameTestFixture (LFCommFrameTestFixture.cpp:93) - ============================================================
2016-07-11 15:05:31,978 INFO  LFCommFrameTestFixture (LFCommFrameTestFixture.cpp:75) - Log4cxx configured successfully with configuration file "/home/lfuser/work/lfcommframe_test/ParulTestConfig.xml". 
2016-07-11 15:05:31,979 INFO  LFCommFrameTestFixture (LFCommFrameTestFixture.cpp:91) - ============================================================
2016-07-11 15:05:31,979 INFO  LFCommFrameTestFixture (LFCommFrameTestFixture.cpp:92) - Starting LFCommFrameTestFixture - built: Jul 11 2016, 15:04:59
2016-07-11 15:05:31,979 INFO  LFCommFrameTestFixture (LFCommFrameTestFixture.cpp:93) - ============================================================
2016-07-11 15:05:31,980 INFO  LFCommFrameTestFixture (LFCommFrameTestFixture.cpp:75) - Log4cxx configured successfully with configuration file "/home/lfuser/work/lfcommframe_test/ParulTestConfig.xml". 
2016-07-11 15:05:31,980 INFO  LFCommFrameTestFixture (LFCommFrameTestFixture.cpp:91) - ============================================================
2016-07-11 15:05:31,980 INFO  LFCommFrameTestFixture (LFCommFrameTestFixture.cpp:92) - Starting LFCommFrameTestFixture - built: Jul 11 2016, 15:04:59
2016-07-11 15:05:31,980 INFO  LFCommFrameTestFixture (LFCommFrameTestFixture.cpp:93) - ============================================================
2016-07-11 15:05:31,980 INFO  LFCommFrameTestFixture (LFCommFrameTestFixture.cpp:75) - Log4cxx configured successfully with configuration file "/home/lfuser/work/lfcommframe_test/ParulTestConfig.xml". 
2016-07-11 15:05:31,980 INFO  LFCommFrameTestFixture (LFCommFrameTestFixture.cpp:91) - ============================================================
2016-07-11 15:05:31,980 INFO  LFCommFrameTestFixture (LFCommFrameTestFixture.cpp:92) - Starting LFCommFrameTestFixture - built: Jul 11 2016, 15:04:59
2016-07-11 15:05:31,980 INFO  LFCommFrameTestFixture (LFCommFrameTestFixture.cpp:93) - ============================================================
2016-07-11 15:08:37,970 INFO  LFCommFrameTestFixture (LFCommFrameTestFixture.cpp:75) - Log4cxx configured successfully with configuration file "/home/lfuser/work/lfcommframe_test/ParulTestConfig.xml". 
2016-07-11 15:08:37,970 INFO  LFCommFrameTestFixture (LFCommFrameTestFixture.cpp:91) - ============================================================
2016-07-11 15:08:37,971 INFO  LFCommFrameTestFixture (LFCommFrameTestFixture.cpp:92) - Starting LFCommFrameTestFixture - built: Jul 11 2016, 15:08:31
2016-07-11 15:08:37,971 INFO  LFCommFrameTestFixture (LFCommFrameTestFixture.cpp:93) - ============================================================
2016-07-11 15:08:37,971 INFO  LFCommFrameTestFixture (LFCommFrameTestFixture.cpp:75) - Log4cxx configured successfully with configuration file "/home/lfuser/work/lfcommframe_test/ParulTestConfig.xml". 
2016-07-11 15:08:37,971 INFO  LFCommFrameTestFixture (LFCommFrameTestFixture.cpp:91) - ============================================================
2016-07-11 15:08:37,971 INFO  LFCommFrameTestFixture (LFCommFrameTestFixture.cpp:92) - Starting LFCommFrameTestFixture - built: Jul 11 2016, 15:08:31
2016-07-11 15:08:37,972 INFO  LFCommFrameTestFixture (LFCommFrameTestFixture.cpp:93) - ============================================================
2016-07-11 15:08:37,972 INFO  LFCommFrameTestFixture (LFCommFrameTestFixture.cpp:75) - Log4cxx configured successfully with configuration file "/home/lfuser/work/lfcommframe_test/ParulTestConfig.xml". 
2016-07-11 15:08:37,972 INFO  LFCommFrameTestFixture (LFCommFrameTestFixture.cpp:91) - ============================================================
2016-07-11 15:08:37,972 INFO  LFCommFrameTestFixture (LFCommFrameTestFixture.cpp:92) - Starting LFCommFrameTestFixture - built: Jul 11 2016, 15:08:31
2016-07-11 15:08:37,972 INFO  LFCommFrameTestFixture (LFCommFrameTestFixture.cpp:93) - ============================================================
2016-07-11 15:15:47,606 INFO  LFCommFrameTestFixture (LFCommFrameTestFixture.cpp:75) - Log4cxx configured successfully with configuration file "/home/lfuser/work/lfcommframe_test/ParulTestConfig.xml". 
2016-07-11 15:15:47,606 INFO  LFCommFrameTestFixture (LFCommFrameTestFixture.cpp:91) - ============================================================
2016-07-11 15:15:47,606 INFO  LFCommFrameTestFixture (LFCommFrameTestFixture.cpp:92) - Starting LFCommFrameTestFixture - built: Jul 11 2016, 15:15:41
2016-07-11 15:15:47,606 INFO  LFCommFrameTestFixture (LFCommFrameTestFixture.cpp:93) - ============================================================
2016-07-11 15:15:47,607 INFO  LFCommFrameTestFixture (LFCommFrameTestFixture.cpp:75) - Log4cxx configured successfully with configuration file "/home/lfuser/work/lfcommframe_test/ParulTestConfig.xml". 
2016-07-11 15:15:47,607 INFO  LFCommFrameTestFixture (LFCommFrameTestFixture.cpp:91) - ============================================================
2016-07-11 15:15:47,607 INFO  LFCommFrameTestFixture (LFCommFrameTestFixture.cpp:92) - Starting LFCommFrameTestFixture - built: Jul 11 2016, 15:15:41
2016-07-11 15:15:47,607 INFO  LFCommFrameTestFixture (LFCommFrameTestFixture.cpp:93) - ============================================================
2016-07-11 15:15:47,608 INFO  LFCommFrameTestFixture (LFCommFrameTestFixture.cpp:75) - Log4cxx configured successfully with configuration file "/home/lfuser/work/lfcommframe_test/ParulTestConfig.xml". 
2016-07-11 15:15:47,608 INFO  LFCommFrameTestFixture (LFCommFrameTestFixture.cpp:91) - ============================================================
2016-07-11 15:15:47,608 INFO  LFCommFrameTestFixture (LFCommFrameTestFixture.cpp:92) - Starting LFCommFrameTestFixture - built: Jul 11 2016, 15:15:41
2016-07-11 15:15:47,608 INFO  LFCommFrameTestFixture (LFCommFrameTestFixture.cpp:93) - ============================================================
2016-07-11 15:19:33,563 INFO  LFCommFrameTestFixture (LFCommFrameTestFixture.cpp:75) - Log4cxx configured successfully with configuration file "/home/lfuser/work/lfcommframe_test/ParulTestConfig.xml". 
2016-07-11 15:19:33,563 INFO  LFCommFrameTestFixture (LFCommFrameTestFixture.cpp:91) - ============================================================
2016-07-11 15:19:33,563 INFO  LFCommFrameTestFixture (LFCommFrameTestFixture.cpp:92) - Starting LFCommFrameTestFixture - built: Jul 11 2016, 15:19:26
2016-07-11 15:19:33,564 INFO  LFCommFrameTestFixture (LFCommFrameTestFixture.cpp:93) - ============================================================
2016-07-11 15:19:33,564 INFO  LFCommFrameTestFixture (LFCommFrameTestFixture.cpp:75) - Log4cxx configured successfully with configuration file "/home/lfuser/work/lfcommframe_test/ParulTestConfig.xml". 
2016-07-11 15:19:33,565 INFO  LFCommFrameTestFixture (LFCommFrameTestFixture.cpp:91) - ============================================================
2016-07-11 15:19:33,565 INFO  LFCommFrameTestFixture (LFCommFrameTestFixture.cpp:92) - Starting LFCommFrameTestFixture - built: Jul 11 2016, 15:19:26
2016-07-11 15:19:33,565 INFO  LFCommFrameTestFixture (LFCommFrameTestFixture.cpp:93) - ============================================================
2016-07-11 15:19:33,565 INFO  LFCommFrameTestFixture (LFCommFrameTestFixture.cpp:75) - Log4cxx configured successfully with configuration file "/home/lfuser/work/lfcommframe_test/ParulTestConfig.xml". 
2016-07-11 15:19:33,566 INFO  LFCommFrameTestFixture (LFCommFrameTestFixture.cpp:91) - ============================================================
2016-07-11 15:19:33,566 INFO  LFCommFrameTestFixture (LFCommFrameTestFixture.cpp:92) - Starting LFCommFrameTestFixture - built: Jul 11 2016, 15:19:26
2016-07-11 15:19:33,566 INFO  LFCommFrameTestFixture (LFCommFrameTestFixture.cpp:93) - ============================================================
2016-07-11 15:22:09,818 INFO  LFCommFrameTestFixture (LFCommFrameTestFixture.cpp:75) - Log4cxx configured successfully with configuration file "/home/lfuser/work/lfcommframe_test/ParulTestConfig.xml". 
2016-07-11 15:22:09,818 INFO  LFCommFrameTestFixture (LFCommFrameTestFixture.cpp:91) - ============================================================
2016-07-11 15:22:09,818 INFO  LFCommFrameTestFixture (LFCommFrameTestFixture.cpp:92) - Starting LFCommFrameTestFixture - built: Jul 11 2016, 15:22:01
2016-07-11 15:22:09,818 INFO  LFCommFrameTestFixture (LFCommFrameTestFixture.cpp:93) - ============================================================
2016-07-11 15:22:09,819 INFO  LFCommFrameTestFixture (LFCommFrameTestFixture.cpp:75) - Log4cxx configured successfully with configuration file "/home/lfuser/work/lfcommframe_test/ParulTestConfig.xml". 
2016-07-11 15:22:09,819 INFO  LFCommFrameTestFixture (LFCommFrameTestFixture.cpp:91) - ============================================================
2016-07-11 15:22:09,819 INFO  LFCommFrameTestFixture (LFCommFrameTestFixture.cpp:92) - Starting LFCommFrameTestFixture - built: Jul 11 2016, 15:22:01
2016-07-11 15:22:09,819 INFO  LFCommFrameTestFixture (LFCommFrameTestFixture.cpp:93) - ============================================================
2016-07-11 15:22:09,819 INFO  LFCommFrameTestFixture (LFCommFrameTestFixture.cpp:75) - Log4cxx configured successfully with configuration file "/home/lfuser/work/lfcommframe_test/ParulTestConfig.xml". 
2016-07-11 15:22:09,819 INFO  LFCommFrameTestFixture (LFCommFrameTestFixture.cpp:91) - ============================================================
2016-07-11 15:22:09,819 INFO  LFCommFrameTestFixture (LFCommFrameTestFixture.cpp:92) - Starting LFCommFrameTestFixture - built: Jul 11 2016, 15:22:01
2016-07-11 15:22:09,819 INFO  LFCommFrameTestFixture (LFCommFrameTestFixture.cpp:93) - ============================================================
2016-07-11 15:49:38,372 INFO  LFCommFrameTestFixture (LFCommFrameTestFixture.cpp:75) - Log4cxx configured successfully with configuration file "/home/lfuser/work/lfcommframe_test/ParulTestConfig.xml". 
2016-07-11 15:49:38,372 INFO  LFCommFrameTestFixture (LFCommFrameTestFixture.cpp:91) - ============================================================
2016-07-11 15:49:38,373 INFO  LFCommFrameTestFixture (LFCommFrameTestFixture.cpp:92) - Starting LFCommFrameTestFixture - built: Jul 11 2016, 15:49:31
2016-07-11 15:49:38,373 INFO  LFCommFrameTestFixture (LFCommFrameTestFixture.cpp:93) - ============================================================
2016-07-11 15:49:38,374 INFO  LFCommFrameTestFixture (LFCommFrameTestFixture.cpp:75) - Log4cxx configured successfully with configuration file "/home/lfuser/work/lfcommframe_test/ParulTestConfig.xml". 
2016-07-11 15:49:38,374 INFO  LFCommFrameTestFixture (LFCommFrameTestFixture.cpp:91) - ============================================================
2016-07-11 15:49:38,374 INFO  LFCommFrameTestFixture (LFCommFrameTestFixture.cpp:92) - Starting LFCommFrameTestFixture - built: Jul 11 2016, 15:49:31
2016-07-11 15:49:38,374 INFO  LFCommFrameTestFixture (LFCommFrameTestFixture.cpp:93) - ============================================================
2016-07-11 15:57:52,455 INFO  LFCommFrameTestFixture (LFCommFrameTestFixture.cpp:75) - Log4cxx configured successfully with configuration file "/home/lfuser/work/lfcommframe_test/ParulTestConfig.xml". 
2016-07-11 15:57:52,455 INFO  LFCommFrameTestFixture (LFCommFrameTestFixture.cpp:91) - ============================================================
2016-07-11 15:57:52,455 INFO  LFCommFrameTestFixture (LFCommFrameTestFixture.cpp:92) - Starting LFCommFrameTestFixture - built: Jul 11 2016, 15:57:44
2016-07-11 15:57:52,455 INFO  LFCommFrameTestFixture (LFCommFrameTestFixture.cpp:93) - ============================================================
2016-07-11 15:57:52,456 INFO  LFCommFrameTestFixture (LFCommFrameTestFixture.cpp:75) - Log4cxx configured successfully with configuration file "/home/lfuser/work/lfcommframe_test/ParulTestConfig.xml". 
2016-07-11 15:57:52,456 INFO  LFCommFrameTestFixture (LFCommFrameTestFixture.cpp:91) - ============================================================
2016-07-11 15:57:52,456 INFO  LFCommFrameTestFixture (LFCommFrameTestFixture.cpp:92) - Starting LFCommFrameTestFixture - built: Jul 11 2016, 15:57:44
2016-07-11 15:57:52,456 INFO  LFCommFrameTestFixture (LFCommFrameTestFixture.cpp:93) - ============================================================
2016-07-11 16:43:13,543 INFO  LFCommFrameTestFixture (LFCommFrameTestFixture.cpp:75) - Log4cxx configured successfully with configuration file "/home/lfuser/work/lfcommframe_test/ParulTestConfig.xml". 
2016-07-11 16:43:13,543 INFO  LFCommFrameTestFixture (LFCommFrameTestFixture.cpp:91) - ============================================================
2016-07-11 16:43:13,543 INFO  LFCommFrameTestFixture (LFCommFrameTestFixture.cpp:92) - Starting LFCommFrameTestFixture - built: Jul 11 2016, 16:42:50
2016-07-11 16:43:13,543 INFO  LFCommFrameTestFixture (LFCommFrameTestFixture.cpp:93) - ============================================================
2016-07-11 16:43:13,544 INFO  LFCommFrameTestFixture (LFCommFrameTestFixture.cpp:75) - Log4cxx configured successfully with configuration file "/home/lfuser/work/lfcommframe_test/ParulTestConfig.xml". 
2016-07-11 16:43:13,544 INFO  LFCommFrameTestFixture (LFCommFrameTestFixture.cpp:91) - ============================================================
2016-07-11 16:43:13,544 INFO  LFCommFrameTestFixture (LFCommFrameTestFixture.cpp:92) - Starting LFCommFrameTestFixture - built: Jul 11 2016, 16:42:50
2016-07-11 16:43:13,544 INFO  LFCommFrameTestFixture (LFCommFrameTestFixture.cpp:93) - ============================================================
2016-07-11 16:43:13,545 INFO  LFCommFrameTestFixture (LFCommFrameTestFixture.cpp:75) - Log4cxx configured successfully with configuration file "/home/lfuser/work/lfcommframe_test/ParulTestConfig.xml". 
2016-07-11 16:43:13,545 INFO  LFCommFrameTestFixture (LFCommFrameTestFixture.cpp:91) - ============================================================
2016-07-11 16:43:13,545 INFO  LFCommFrameTestFixture (LFCommFrameTestFixture.cpp:92) - Starting LFCommFrameTestFixture - built: Jul 11 2016, 16:42:50
2016-07-11 16:43:13,545 INFO  LFCommFrameTestFixture (LFCommFrameTestFixture.cpp:93) - ============================================================
2016-07-11 16:50:20,786 INFO  LFCommFrameTestFixture (LFCommFrameTestFixture.cpp:75) - Log4cxx configured successfully with configuration file "/home/lfuser/work/lfcommframe_test/ParulTestConfig.xml". 
2016-07-11 16:50:20,786 INFO  LFCommFrameTestFixture (LFCommFrameTestFixture.cpp:91) - ============================================================
2016-07-11 16:50:20,786 INFO  LFCommFrameTestFixture (LFCommFrameTestFixture.cpp:92) - Starting LFCommFrameTestFixture - built: Jul 11 2016, 16:50:14
2016-07-11 16:50:20,786 INFO  LFCommFrameTestFixture (LFCommFrameTestFixture.cpp:93) - ============================================================
2016-07-11 16:50:20,787 INFO  LFCommFrameTestFixture (LFCommFrameTestFixture.cpp:75) - Log4cxx configured successfully with configuration file "/home/lfuser/work/lfcommframe_test/ParulTestConfig.xml". 
2016-07-11 16:50:20,787 INFO  LFCommFrameTestFixture (LFCommFrameTestFixture.cpp:91) - ============================================================
2016-07-11 16:50:20,787 INFO  LFCommFrameTestFixture (LFCommFrameTestFixture.cpp:92) - Starting LFCommFrameTestFixture - built: Jul 11 2016, 16:50:14
2016-07-11 16:50:20,787 INFO  LFCommFrameTestFixture (LFCommFrameTestFixture.cpp:93) - ============================================================
2016-07-11 16:50:20,788 INFO  LFCommFrameTestFixture (LFCommFrameTestFixture.cpp:75) - Log4cxx configured successfully with configuration file "/home/lfuser/work/lfcommframe_test/ParulTestConfig.xml". 
2016-07-11 16:50:20,788 INFO  LFCommFrameTestFixture (LFCommFrameTestFixture.cpp:91) - ============================================================
2016-07-11 16:50:20,788 INFO  LFCommFrameTestFixture (LFCommFrameTestFixture.cpp:92) - Starting LFCommFrameTestFixture - built: Jul 11 2016, 16:50:14
2016-07-11 16:50:20,788 INFO  LFCommFrameTestFixture (LFCommFrameTestFixture.cpp:93) - ============================================================
2016-07-12 07:51:43,551 INFO  LFCommFrameTestFixture (LFCommFrameTestFixture.cpp:75) - Log4cxx configured successfully with configuration file "/home/lfuser/work/lfcommframe_test/ParulTestConfig.xml". 
2016-07-12 07:51:43,552 INFO  LFCommFrameTestFixture (LFCommFrameTestFixture.cpp:91) - ============================================================
2016-07-12 07:51:43,552 INFO  LFCommFrameTestFixture (LFCommFrameTestFixture.cpp:92) - Starting LFCommFrameTestFixture - built: Jul 12 2016, 07:51:37
2016-07-12 07:51:43,552 INFO  LFCommFrameTestFixture (LFCommFrameTestFixture.cpp:93) - ============================================================
2016-07-12 07:51:43,553 INFO  LFCommFrameTestFixture (LFCommFrameTestFixture.cpp:75) - Log4cxx configured successfully with configuration file "/home/lfuser/work/lfcommframe_test/ParulTestConfig.xml". 
2016-07-12 07:51:43,553 INFO  LFCommFrameTestFixture (LFCommFrameTestFixture.cpp:91) - ============================================================
2016-07-12 07:51:43,553 INFO  LFCommFrameTestFixture (LFCommFrameTestFixture.cpp:92) - Starting LFCommFrameTestFixture - built: Jul 12 2016, 07:51:37
2016-07-12 07:51:43,553 INFO  LFCommFrameTestFixture (LFCommFrameTestFixture.cpp:93) - ============================================================
2016-07-12 07:54:30,326 INFO  LFCommFrameTestFixture (LFCommFrameTestFixture.cpp:75) - Log4cxx configured successfully with configuration file "/home/lfuser/work/lfcommframe_test/ParulTestConfig.xml". 
2016-07-12 07:54:30,326 INFO  LFCommFrameTestFixture (LFCommFrameTestFixture.cpp:91) - ============================================================
2016-07-12 07:54:30,326 INFO  LFCommFrameTestFixture (LFCommFrameTestFixture.cpp:92) - Starting LFCommFrameTestFixture - built: Jul 12 2016, 07:54:26
2016-07-12 07:54:30,326 INFO  LFCommFrameTestFixture (LFCommFrameTestFixture.cpp:93) - ============================================================
2016-07-12 07:55:58,501 INFO  LFCommFrameTestFixture (LFCommFrameTestFixture.cpp:75) - Log4cxx configured successfully with configuration file "/home/lfuser/work/lfcommframe_test/ParulTestConfig.xml". 
2016-07-12 07:55:58,502 INFO  LFCommFrameTestFixture (LFCommFrameTestFixture.cpp:91) - ============================================================
2016-07-12 07:55:58,502 INFO  LFCommFrameTestFixture (LFCommFrameTestFixture.cpp:92) - Starting LFCommFrameTestFixture - built: Jul 12 2016, 07:55:54
2016-07-12 07:55:58,502 INFO  LFCommFrameTestFixture (LFCommFrameTestFixture.cpp:93) - ============================================================
2016-07-12 07:59:28,866 INFO  LFCommFrameTestFixture (LFCommFrameTestFixture.cpp:75) - Log4cxx configured successfully with configuration file "/home/lfuser/work/lfcommframe_test/ParulTestConfig.xml". 
2016-07-12 07:59:28,867 INFO  LFCommFrameTestFixture (LFCommFrameTestFixture.cpp:91) - ============================================================
2016-07-12 07:59:28,867 INFO  LFCommFrameTestFixture (LFCommFrameTestFixture.cpp:92) - Starting LFCommFrameTestFixture - built: Jul 12 2016, 07:59:23
2016-07-12 07:59:28,867 INFO  LFCommFrameTestFixture (LFCommFrameTestFixture.cpp:93) - ============================================================
2016-07-12 08:10:16,477 INFO  LFCommFrameTestFixture (LFCommFrameTestFixture.cpp:75) - Log4cxx configured successfully with configuration file "/home/lfuser/work/lfcommframe_test/ParulTestConfig.xml". 
2016-07-12 08:10:16,477 INFO  LFCommFrameTestFixture (LFCommFrameTestFixture.cpp:91) - ============================================================
2016-07-12 08:10:16,477 INFO  LFCommFrameTestFixture (LFCommFrameTestFixture.cpp:92) - Starting LFCommFrameTestFixture - built: Jul 12 2016, 08:10:11
2016-07-12 08:10:16,477 INFO  LFCommFrameTestFixture (LFCommFrameTestFixture.cpp:93) - ============================================================
2016-07-12 08:10:53,859 INFO  LFCommFrameTestFixture (LFCommFrameTestFixture.cpp:75) - Log4cxx configured successfully with configuration file "/home/lfuser/work/lfcommframe_test/ParulTestConfig.xml". 
2016-07-12 08:10:53,860 INFO  LFCommFrameTestFixture (LFCommFrameTestFixture.cpp:91) - ============================================================
2016-07-12 08:10:53,860 INFO  LFCommFrameTestFixture (LFCommFrameTestFixture.cpp:92) - Starting LFCommFrameTestFixture - built: Jul 12 2016, 08:10:49
2016-07-12 08:10:53,860 INFO  LFCommFrameTestFixture (LFCommFrameTestFixture.cpp:93) - ============================================================
2016-07-12 08:12:43,307 INFO  LFCommFrameTestFixture (LFCommFrameTestFixture.cpp:75) - Log4cxx configured successfully with configuration file "/home/lfuser/work/lfcommframe_test/ParulTestConfig.xml". 
2016-07-12 08:12:43,307 INFO  LFCommFrameTestFixture (LFCommFrameTestFixture.cpp:91) - ============================================================
2016-07-12 08:12:43,307 INFO  LFCommFrameTestFixture (LFCommFrameTestFixture.cpp:92) - Starting LFCommFrameTestFixture - built: Jul 12 2016, 08:12:36
2016-07-12 08:12:43,307 INFO  LFCommFrameTestFixture (LFCommFrameTestFixture.cpp:93) - ============================================================
2016-07-12 08:13:10,571 INFO  LFCommFrameTestFixture (LFCommFrameTestFixture.cpp:75) - Log4cxx configured successfully with configuration file "/home/lfuser/work/lfcommframe_test/ParulTestConfig.xml". 
2016-07-12 08:13:10,571 INFO  LFCommFrameTestFixture (LFCommFrameTestFixture.cpp:91) - ============================================================
2016-07-12 08:13:10,571 INFO  LFCommFrameTestFixture (LFCommFrameTestFixture.cpp:92) - Starting LFCommFrameTestFixture - built: Jul 12 2016, 08:13:05
2016-07-12 08:13:10,571 INFO  LFCommFrameTestFixture (LFCommFrameTestFixture.cpp:93) - ============================================================
2016-07-12 08:47:19,130 INFO  LFCommFrameTestFixture (LFCommFrameTestFixture.cpp:75) - Log4cxx configured successfully with configuration file "/home/lfuser/work/lfcommframe_test/ParulTestConfig.xml". 
2016-07-12 08:47:19,130 INFO  LFCommFrameTestFixture (LFCommFrameTestFixture.cpp:91) - ============================================================
2016-07-12 08:47:19,130 INFO  LFCommFrameTestFixture (LFCommFrameTestFixture.cpp:92) - Starting LFCommFrameTestFixture - built: Jul 12 2016, 08:47:09
2016-07-12 08:47:19,130 INFO  LFCommFrameTestFixture (LFCommFrameTestFixture.cpp:93) - ============================================================
2016-07-12 08:49:54,830 INFO  LFCommFrameTestFixture (LFCommFrameTestFixture.cpp:75) - Log4cxx configured successfully with configuration file "/home/lfuser/work/lfcommframe_test/ParulTestConfig.xml". 
2016-07-12 08:49:54,830 INFO  LFCommFrameTestFixture (LFCommFrameTestFixture.cpp:91) - ============================================================
2016-07-12 08:49:54,830 INFO  LFCommFrameTestFixture (LFCommFrameTestFixture.cpp:92) - Starting LFCommFrameTestFixture - built: Jul 12 2016, 08:49:50
2016-07-12 08:49:54,830 INFO  LFCommFrameTestFixture (LFCommFrameTestFixture.cpp:93) - ============================================================
2016-07-12 09:22:54,316 INFO  LFCommFrameTestFixture (LFCommFrameTestFixture.cpp:75) - Log4cxx configured successfully with configuration file "/home/lfuser/work/lfcommframe_test/ParulTestConfig.xml". 
2016-07-12 09:22:54,316 INFO  LFCommFrameTestFixture (LFCommFrameTestFixture.cpp:91) - ============================================================
2016-07-12 09:22:54,316 INFO  LFCommFrameTestFixture (LFCommFrameTestFixture.cpp:92) - Starting LFCommFrameTestFixture - built: Jul 12 2016, 09:22:47
2016-07-12 09:22:54,316 INFO  LFCommFrameTestFixture (LFCommFrameTestFixture.cpp:93) - ============================================================
2016-07-12 09:34:50,710 INFO  LFCommFrameTestFixture (LFCommFrameTestFixture.cpp:75) - Log4cxx configured successfully with configuration file "/home/lfuser/work/lfcommframe_test/ParulTestConfig.xml". 
2016-07-12 09:34:50,710 INFO  LFCommFrameTestFixture (LFCommFrameTestFixture.cpp:91) - ============================================================
2016-07-12 09:34:50,710 INFO  LFCommFrameTestFixture (LFCommFrameTestFixture.cpp:92) - Starting LFCommFrameTestFixture - built: Jul 12 2016, 09:34:46
2016-07-12 09:34:50,710 INFO  LFCommFrameTestFixture (LFCommFrameTestFixture.cpp:93) - ============================================================
2016-07-12 09:38:48,139 INFO  LFCommFrameTestFixture (LFCommFrameTestFixture.cpp:75) - Log4cxx configured successfully with configuration file "/home/lfuser/work/lfcommframe_test/ParulTestConfig.xml". 
2016-07-12 09:38:48,139 INFO  LFCommFrameTestFixture (LFCommFrameTestFixture.cpp:91) - ============================================================
2016-07-12 09:38:48,139 INFO  LFCommFrameTestFixture (LFCommFrameTestFixture.cpp:92) - Starting LFCommFrameTestFixture - built: Jul 12 2016, 09:38:43
2016-07-12 09:38:48,139 INFO  LFCommFrameTestFixture (LFCommFrameTestFixture.cpp:93) - ============================================================
2016-07-12 10:36:45,933 INFO  LFCommFrameTestFixture (LFCommFrameTestFixture.cpp:75) - Log4cxx configured successfully with configuration file "/home/lfuser/work/lfcommframe_test/ParulTestConfig.xml". 
2016-07-12 10:36:45,933 INFO  LFCommFrameTestFixture (LFCommFrameTestFixture.cpp:91) - ============================================================
2016-07-12 10:36:45,933 INFO  LFCommFrameTestFixture (LFCommFrameTestFixture.cpp:92) - Starting LFCommFrameTestFixture - built: Jul 12 2016, 09:38:43
2016-07-12 10:36:45,933 INFO  LFCommFrameTestFixture (LFCommFrameTestFixture.cpp:93) - ============================================================
2016-07-12 10:45:02,118 INFO  LFCommFrameTestFixture (LFCommFrameTestFixture.cpp:75) - Log4cxx configured successfully with configuration file "/home/lfuser/work/lfcommframe_test/ParulTestConfig.xml". 
2016-07-12 10:45:02,118 INFO  LFCommFrameTestFixture (LFCommFrameTestFixture.cpp:91) - ============================================================
2016-07-12 10:45:02,118 INFO  LFCommFrameTestFixture (LFCommFrameTestFixture.cpp:92) - Starting LFCommFrameTestFixture - built: Jul 12 2016, 09:38:43
2016-07-12 10:45:02,118 INFO  LFCommFrameTestFixture (LFCommFrameTestFixture.cpp:93) - ============================================================
2016-07-12 10:45:53,696 INFO  LFCommFrameTestFixture (LFCommFrameTestFixture.cpp:75) - Log4cxx configured successfully with configuration file "/home/lfuser/work/lfcommframe_test/ParulTestConfig.xml". 
2016-07-12 10:45:53,697 INFO  LFCommFrameTestFixture (LFCommFrameTestFixture.cpp:91) - ============================================================
2016-07-12 10:45:53,697 INFO  LFCommFrameTestFixture (LFCommFrameTestFixture.cpp:92) - Starting LFCommFrameTestFixture - built: Jul 12 2016, 09:38:43
2016-07-12 10:45:53,697 INFO  LFCommFrameTestFixture (LFCommFrameTestFixture.cpp:93) - ============================================================
2016-07-12 10:46:34,454 INFO  LFCommFrameTestFixture (LFCommFrameTestFixture.cpp:75) - Log4cxx configured successfully with configuration file "/home/lfuser/work/lfcommframe_test/ParulTestConfig.xml". 
2016-07-12 10:46:34,454 INFO  LFCommFrameTestFixture (LFCommFrameTestFixture.cpp:91) - ============================================================
2016-07-12 10:46:34,454 INFO  LFCommFrameTestFixture (LFCommFrameTestFixture.cpp:92) - Starting LFCommFrameTestFixture - built: Jul 12 2016, 09:38:43
2016-07-12 10:46:34,454 INFO  LFCommFrameTestFixture (LFCommFrameTestFixture.cpp:93) - ============================================================
2016-07-12 11:07:38,523 INFO  LFCommFrameTestFixture (LFCommFrameTestFixture.cpp:75) - Log4cxx configured successfully with configuration file "/home/lfuser/work/lfcommframe_test/ParulTestConfig.xml". 
2016-07-12 11:07:38,523 INFO  LFCommFrameTestFixture (LFCommFrameTestFixture.cpp:91) - ============================================================
2016-07-12 11:07:38,523 INFO  LFCommFrameTestFixture (LFCommFrameTestFixture.cpp:92) - Starting LFCommFrameTestFixture - built: Jul 12 2016, 11:07:25
2016-07-12 11:07:38,523 INFO  LFCommFrameTestFixture (LFCommFrameTestFixture.cpp:93) - ============================================================
2016-07-12 11:07:38,524 INFO  LFCommFrameTestFixture (LFCommFrameTestFixture.cpp:75) - Log4cxx configured successfully with configuration file "/home/lfuser/work/lfcommframe_test/ParulTestConfig.xml". 
2016-07-12 11:07:38,524 INFO  LFCommFrameTestFixture (LFCommFrameTestFixture.cpp:91) - ============================================================
2016-07-12 11:07:38,524 INFO  LFCommFrameTestFixture (LFCommFrameTestFixture.cpp:92) - Starting LFCommFrameTestFixture - built: Jul 12 2016, 11:07:25
2016-07-12 11:07:38,524 INFO  LFCommFrameTestFixture (LFCommFrameTestFixture.cpp:93) - ============================================================
2016-07-12 11:10:53,408 INFO  LFCommFrameTestFixture (LFCommFrameTestFixture.cpp:75) - Log4cxx configured successfully with configuration file "/home/lfuser/work/lfcommframe_test/ParulTestConfig.xml". 
2016-07-12 11:10:53,408 INFO  LFCommFrameTestFixture (LFCommFrameTestFixture.cpp:91) - ============================================================
2016-07-12 11:10:53,408 INFO  LFCommFrameTestFixture (LFCommFrameTestFixture.cpp:92) - Starting LFCommFrameTestFixture - built: Jul 12 2016, 11:10:45
2016-07-12 11:10:53,408 INFO  LFCommFrameTestFixture (LFCommFrameTestFixture.cpp:93) - ============================================================
2016-07-12 11:10:53,408 INFO  LFCommFrameTestFixture (LFCommFrameTestFixture.cpp:75) - Log4cxx configured successfully with configuration file "/home/lfuser/work/lfcommframe_test/ParulTestConfig.xml". 
2016-07-12 11:10:53,409 INFO  LFCommFrameTestFixture (LFCommFrameTestFixture.cpp:91) - ============================================================
2016-07-12 11:10:53,409 INFO  LFCommFrameTestFixture (LFCommFrameTestFixture.cpp:92) - Starting LFCommFrameTestFixture - built: Jul 12 2016, 11:10:45
2016-07-12 11:10:53,409 INFO  LFCommFrameTestFixture (LFCommFrameTestFixture.cpp:93) - ============================================================
2016-07-15 12:21:16,920 INFO  LFCommFrameTestFixture (LFCommFrameTestFixture.cpp:75) - Log4cxx configured successfully with configuration file "/home/lfuser/work/lfcommframe_test/ParulTestConfig.xml". 
2016-07-15 12:21:16,921 INFO  LFCommFrameTestFixture (LFCommFrameTestFixture.cpp:91) - ============================================================
2016-07-15 12:21:16,921 INFO  LFCommFrameTestFixture (LFCommFrameTestFixture.cpp:92) - Starting LFCommFrameTestFixture - built: Jul 15 2016, 12:21:06
2016-07-15 12:21:16,921 INFO  LFCommFrameTestFixture (LFCommFrameTestFixture.cpp:93) - ============================================================
2016-07-15 12:21:16,921 INFO  LFCommFrameTestFixture (LFCommFrameTestFixture.cpp:75) - Log4cxx configured successfully with configuration file "/home/lfuser/work/lfcommframe_test/ParulTestConfig.xml". 
2016-07-15 12:21:16,921 INFO  LFCommFrameTestFixture (LFCommFrameTestFixture.cpp:91) - ============================================================
2016-07-15 12:21:16,921 INFO  LFCommFrameTestFixture (LFCommFrameTestFixture.cpp:92) - Starting LFCommFrameTestFixture - built: Jul 15 2016, 12:21:06
2016-07-15 12:21:16,921 INFO  LFCommFrameTestFixture (LFCommFrameTestFixture.cpp:93) - ============================================================
